This file contains any messages produced by compilers while
running configure, to aid debugging if configure makes a mistake.

It was created by FreeType configure 2.3.2, which was
generated by GNU Autoconf 2.61.  Invocation command line was

  $ ./configure CC=arm-hisiv100nptl-linux-gcc --host=arm-linux --enable-static=yes --enable-shared=no --prefix=/home/zhangbin/xlive/encRecord/out

## --------- ##
## Platform. ##
## --------- ##

hostname = c7.c7
uname -m = x86_64
uname -r = 3.10.0-229.11.1.el7.x86_64
uname -s = Linux
uname -v = #1 SMP Thu Aug 6 01:06:18 UTC 2015

/usr/bin/uname -p = x86_64
/bin/uname -X     = unknown

/bin/arch              = x86_64
/usr/bin/arch -k       = unknown
/usr/convex/getsysinfo = unknown
/usr/bin/hostinfo      = unknown
/bin/machine           = unknown
/usr/bin/oslevel       = unknown
/bin/universe          = unknown

PATH: /usr/java/jdk1.8.0_60/bin
PATH: /usr/java/jdk1.8.0_60/jre/bin
PATH: /home/zhangbin/xlive/hisi-linux-nptl/arm-hisiv100-linux/target/bin
PATH: /usr/local/bin
PATH: /usr/local/sbin
PATH: /usr/bin
PATH: /usr/sbin
PATH: /bin
PATH: /sbin
PATH: /home/zhangbin/.local/bin
PATH: /home/zhangbin/bin
PATH: /home/zhangbin/xlive/hisi-linux-nptl/arm-hisiv100-linux/target/bin
PATH: /home/zhangbin/xlive/encRecord/out/bin


## ----------- ##
## Core tests. ##
## ----------- ##

configure:1977: checking build system type
configure:1995: result: x86_64-unknown-linux-gnu
configure:2017: checking host system type
configure:2032: result: arm-unknown-linux-gnu
configure:2054: checking target system type
configure:2069: result: arm-unknown-linux-gnu
configure:2109: checking for arm-linux-gcc
configure:2136: result: arm-hisiv100nptl-linux-gcc
configure:2414: checking for C compiler version
configure:2421: arm-hisiv100nptl-linux-gcc --version >&5
arm-hisiv100nptl-linux-gcc (Hisilicon_v100(gcc4.4-290+uclibc_0.9.32.1+eabi+linuxpthread)) 4.4.1
Copyright (C) 2009 Free Software Foundation, Inc.
This is free software; see the source for copying conditions.  There is NO
warranty; not even for MERCHANTABILITY or FITNESS FOR A PARTICULAR PURPOSE.

configure:2424: $? = 0
configure:2431: arm-hisiv100nptl-linux-gcc -v >&5
Using built-in specs.
Target: arm-hisiv100-linux-uclibcgnueabi
Configured with: ../gcc-4.4-2010q1/configure --host=i486-linux-gnu --build=i486-linux-gnu --target=arm-hisiv100-linux-uclibcgnueabi --prefix=/home/sying/uclibc_h3/hisiv100_finalnptl_src/hisiv100_src/install/arm-hisiv100-linux --enable-threads --disable-libmudflap --disable-libssp --disable-libstdcxx-pch --with-arch=armv5te --with-gnu-as --with-gnu-ld --enable-languages=c,c++ --enable-shared --enable-lto --enable-symvers=gnu --enable-__cxa_atexit --disable-nls --enable-extra-hisi-multilibs --with-sysroot=/home/sying/uclibc_h3/hisiv100_finalnptl_src/hisiv100_src/install/arm-hisiv100-linux/target --with-build-sysroot=/home/sying/uclibc_h3/hisiv100_finalnptl_src/hisiv100_src/install/arm-hisiv100-linux/target --with-gmp=/home/sying/uclibc_h3/hisiv100_finalnptl_src/hisiv100_src/install/host_lib --with-mpfr=/home/sying/uclibc_h3/hisiv100_finalnptl_src/hisiv100_src/install/host_lib --with-ppl=/home/sying/uclibc_h3/hisiv100_finalnptl_src/hisiv100_src/install/host_lib --with-cloog=/home/sying/uclibc_h3/hisiv100_finalnptl_src/hisiv100_src/install/host_lib --with-libelf=/home/sying/uclibc_h3/hisiv100_finalnptl_src/hisiv100_src/install/host_lib --with-host-libstdcxx='-static-libgcc -Wl,-Bstatic,-lstdc++,-Bstatic -lm' --enable-libgomp --enable-poison-system-directories --with-libelf=/home/sying/uclibc_h3/hisiv100_finalnptl_src/hisiv100_src/install/host_lib --with-pkgversion='Hisilicon_v100(gcc4.4-290+uclibc_0.9.32.1+eabi+linuxpthread)' --with-bugurl=http://www.hisilicon.com/cn/service/claim.html
Thread model: posix
gcc version 4.4.1 (Hisilicon_v100(gcc4.4-290+uclibc_0.9.32.1+eabi+linuxpthread)) 
configure:2434: $? = 0
configure:2441: arm-hisiv100nptl-linux-gcc -V >&5
arm-hisiv100nptl-linux-gcc: '-V' option must have argument
configure:2444: $? = 1
configure:2467: checking for C compiler default output file name
configure:2494: arm-hisiv100nptl-linux-gcc    conftest.c  >&5
configure:2497: $? = 0
configure:2535: result: a.out
configure:2552: checking whether the C compiler works
configure:2562: ./a.out
./configure: line 2563: ./a.out: cannot execute binary file
configure:2565: $? = 126
configure:2582: result: yes
configure:2589: checking whether we are cross compiling
configure:2591: result: yes
configure:2594: checking for suffix of executables
configure:2601: arm-hisiv100nptl-linux-gcc -o conftest    conftest.c  >&5
configure:2604: $? = 0
configure:2628: result: 
configure:2634: checking for suffix of object files
configure:2660: arm-hisiv100nptl-linux-gcc -c   conftest.c >&5
configure:2663: $? = 0
configure:2686: result: o
configure:2690: checking whether we are using the GNU C compiler
configure:2719: arm-hisiv100nptl-linux-gcc -c   conftest.c >&5
configure:2725: $? = 0
configure:2742: result: yes
configure:2747: checking whether arm-hisiv100nptl-linux-gcc accepts -g
configure:2777: arm-hisiv100nptl-linux-gcc -c -g  conftest.c >&5
configure:2783: $? = 0
configure:2882: result: yes
configure:2899: checking for arm-hisiv100nptl-linux-gcc option to accept ISO C89
configure:2973: arm-hisiv100nptl-linux-gcc  -c -g -O2  conftest.c >&5
configure:2979: $? = 0
configure:3002: result: none needed
configure:3025: checking how to run the C preprocessor
configure:3065: arm-hisiv100nptl-linux-gcc -E  conftest.c
configure:3071: $? = 0
configure:3102: arm-hisiv100nptl-linux-gcc -E  conftest.c
conftest.c:8: fatal error: ac_nonexistent.h: No such file or directory
compilation terminated.
configure:3108: $? = 1
configure: failed program was:
| /* confdefs.h.  */
| #define PACKAGE_NAME "FreeType"
| #define PACKAGE_TARNAME "freetype"
| #define PACKAGE_VERSION "2.3.2"
| #define PACKAGE_STRING "FreeType 2.3.2"
| #define PACKAGE_BUGREPORT "freetype@nongnu.org"
| /* end confdefs.h.  */
| #include <ac_nonexistent.h>
configure:3141: result: arm-hisiv100nptl-linux-gcc -E
configure:3170: arm-hisiv100nptl-linux-gcc -E  conftest.c
configure:3176: $? = 0
configure:3207: arm-hisiv100nptl-linux-gcc -E  conftest.c
conftest.c:8: fatal error: ac_nonexistent.h: No such file or directory
compilation terminated.
configure:3213: $? = 1
configure: failed program was:
| /* confdefs.h.  */
| #define PACKAGE_NAME "FreeType"
| #define PACKAGE_TARNAME "freetype"
| #define PACKAGE_VERSION "2.3.2"
| #define PACKAGE_STRING "FreeType 2.3.2"
| #define PACKAGE_BUGREPORT "freetype@nongnu.org"
| /* end confdefs.h.  */
| #include <ac_nonexistent.h>
configure:3258: checking for x86_64-unknown-linux-gnu-gcc
configure:3288: result: no
configure:3295: checking for gcc
configure:3311: found /usr/bin/gcc
configure:3322: result: gcc
configure:3332: checking for gcc
configure:3376: result: gcc
configure:3388: checking for suffix of native executables
configure:3403: result: 
configure:3445: checking for rm
configure:3461: found /usr/bin/rm
configure:3472: result: rm -f
configure:3482: checking for rmdir
configure:3498: found /usr/bin/rmdir
configure:3509: result: rmdir
configure:3536: checking for a BSD-compatible install
configure:3592: result: /usr/bin/install -c
configure:3615: checking for grep that handles long lines and -e
configure:3689: result: /usr/bin/grep
configure:3694: checking for egrep
configure:3772: result: /usr/bin/grep -E
configure:3777: checking for ANSI C header files
configure:3807: arm-hisiv100nptl-linux-gcc -c -g -O2  conftest.c >&5
configure:3813: $? = 0
configure:3941: result: yes
configure:3965: checking for sys/types.h
configure:3986: arm-hisiv100nptl-linux-gcc -c -g -O2  conftest.c >&5
configure:3992: $? = 0
configure:4008: result: yes
configure:3965: checking for sys/stat.h
configure:3986: arm-hisiv100nptl-linux-gcc -c -g -O2  conftest.c >&5
configure:3992: $? = 0
configure:4008: result: yes
configure:3965: checking for stdlib.h
configure:3986: arm-hisiv100nptl-linux-gcc -c -g -O2  conftest.c >&5
configure:3992: $? = 0
configure:4008: result: yes
configure:3965: checking for string.h
configure:3986: arm-hisiv100nptl-linux-gcc -c -g -O2  conftest.c >&5
configure:3992: $? = 0
configure:4008: result: yes
configure:3965: checking for memory.h
configure:3986: arm-hisiv100nptl-linux-gcc -c -g -O2  conftest.c >&5
configure:3992: $? = 0
configure:4008: result: yes
configure:3965: checking for strings.h
configure:3986: arm-hisiv100nptl-linux-gcc -c -g -O2  conftest.c >&5
configure:3992: $? = 0
configure:4008: result: yes
configure:3965: checking for inttypes.h
configure:3986: arm-hisiv100nptl-linux-gcc -c -g -O2  conftest.c >&5
configure:3992: $? = 0
configure:4008: result: yes
configure:3965: checking for stdint.h
configure:3986: arm-hisiv100nptl-linux-gcc -c -g -O2  conftest.c >&5
configure:3992: $? = 0
configure:4008: result: yes
configure:3965: checking for unistd.h
configure:3986: arm-hisiv100nptl-linux-gcc -c -g -O2  conftest.c >&5
configure:3992: $? = 0
configure:4008: result: yes
configure:4036: checking fcntl.h usability
configure:4053: arm-hisiv100nptl-linux-gcc -c -g -O2  conftest.c >&5
configure:4059: $? = 0
configure:4073: result: yes
configure:4077: checking fcntl.h presence
configure:4092: arm-hisiv100nptl-linux-gcc -E  conftest.c
configure:4098: $? = 0
configure:4112: result: yes
configure:4145: checking for fcntl.h
configure:4153: result: yes
configure:4026: checking for unistd.h
configure:4032: result: yes
configure:4170: checking for an ANSI C-conforming const
configure:4245: arm-hisiv100nptl-linux-gcc -c -g -O2  conftest.c >&5
configure:4251: $? = 0
configure:4266: result: yes
configure:4276: checking for int
configure:4306: arm-hisiv100nptl-linux-gcc -c -g -O2  conftest.c >&5
configure:4312: $? = 0
configure:4327: result: yes
configure:4334: checking size of int
configure:4365: arm-hisiv100nptl-linux-gcc -c -g -O2  conftest.c >&5
configure:4371: $? = 0
configure:4402: arm-hisiv100nptl-linux-gcc -c -g -O2  conftest.c >&5
conftest.c: In function 'main':
conftest.c:57: error: size of array 'test_array' is negative
configure:4408: $? = 1
configure: failed program was:
| /* confdefs.h.  */
| #define PACKAGE_NAME "FreeType"
| #define PACKAGE_TARNAME "freetype"
| #define PACKAGE_VERSION "2.3.2"
| #define PACKAGE_STRING "FreeType 2.3.2"
| #define PACKAGE_BUGREPORT "freetype@nongnu.org"
| #define STDC_HEADERS 1
| #define HAVE_SYS_TYPES_H 1
| #define HAVE_SYS_STAT_H 1
| #define HAVE_STDLIB_H 1
| #define HAVE_STRING_H 1
| #define HAVE_MEMORY_H 1
| #define HAVE_STRINGS_H 1
| #define HAVE_INTTYPES_H 1
| #define HAVE_STDINT_H 1
| #define HAVE_UNISTD_H 1
| #define HAVE_FCNTL_H 1
| #define HAVE_UNISTD_H 1
| /* end confdefs.h.  */
| #include <stdio.h>
| #ifdef HAVE_SYS_TYPES_H
| # include <sys/types.h>
| #endif
| #ifdef HAVE_SYS_STAT_H
| # include <sys/stat.h>
| #endif
| #ifdef STDC_HEADERS
| # include <stdlib.h>
| # include <stddef.h>
| #else
| # ifdef HAVE_STDLIB_H
| #  include <stdlib.h>
| # endif
| #endif
| #ifdef HAVE_STRING_H
| # if !defined STDC_HEADERS && defined HAVE_MEMORY_H
| #  include <memory.h>
| # endif
| # include <string.h>
| #endif
| #ifdef HAVE_STRINGS_H
| # include <strings.h>
| #endif
| #ifdef HAVE_INTTYPES_H
| # include <inttypes.h>
| #endif
| #ifdef HAVE_STDINT_H
| # include <stdint.h>
| #endif
| #ifdef HAVE_UNISTD_H
| # include <unistd.h>
| #endif
|    typedef int ac__type_sizeof_;
| int
| main ()
| {
| static int test_array [1 - 2 * !(((long int) (sizeof (ac__type_sizeof_))) <= 0)];
| test_array [0] = 0
| 
|   ;
|   return 0;
| }
configure:4402: arm-hisiv100nptl-linux-gcc -c -g -O2  conftest.c >&5
conftest.c: In function 'main':
conftest.c:57: error: size of array 'test_array' is negative
configure:4408: $? = 1
configure: failed program was:
| /* confdefs.h.  */
| #define PACKAGE_NAME "FreeType"
| #define PACKAGE_TARNAME "freetype"
| #define PACKAGE_VERSION "2.3.2"
| #define PACKAGE_STRING "FreeType 2.3.2"
| #define PACKAGE_BUGREPORT "freetype@nongnu.org"
| #define STDC_HEADERS 1
| #define HAVE_SYS_TYPES_H 1
| #define HAVE_SYS_STAT_H 1
| #define HAVE_STDLIB_H 1
| #define HAVE_STRING_H 1
| #define HAVE_MEMORY_H 1
| #define HAVE_STRINGS_H 1
| #define HAVE_INTTYPES_H 1
| #define HAVE_STDINT_H 1
| #define HAVE_UNISTD_H 1
| #define HAVE_FCNTL_H 1
| #define HAVE_UNISTD_H 1
| /* end confdefs.h.  */
| #include <stdio.h>
| #ifdef HAVE_SYS_TYPES_H
| # include <sys/types.h>
| #endif
| #ifdef HAVE_SYS_STAT_H
| # include <sys/stat.h>
| #endif
| #ifdef STDC_HEADERS
| # include <stdlib.h>
| # include <stddef.h>
| #else
| # ifdef HAVE_STDLIB_H
| #  include <stdlib.h>
| # endif
| #endif
| #ifdef HAVE_STRING_H
| # if !defined STDC_HEADERS && defined HAVE_MEMORY_H
| #  include <memory.h>
| # endif
| # include <string.h>
| #endif
| #ifdef HAVE_STRINGS_H
| # include <strings.h>
| #endif
| #ifdef HAVE_INTTYPES_H
| # include <inttypes.h>
| #endif
| #ifdef HAVE_STDINT_H
| # include <stdint.h>
| #endif
| #ifdef HAVE_UNISTD_H
| # include <unistd.h>
| #endif
|    typedef int ac__type_sizeof_;
| int
| main ()
| {
| static int test_array [1 - 2 * !(((long int) (sizeof (ac__type_sizeof_))) <= 1)];
| test_array [0] = 0
| 
|   ;
|   return 0;
| }
configure:4402: arm-hisiv100nptl-linux-gcc -c -g -O2  conftest.c >&5
conftest.c: In function 'main':
conftest.c:57: error: size of array 'test_array' is negative
configure:4408: $? = 1
configure: failed program was:
| /* confdefs.h.  */
| #define PACKAGE_NAME "FreeType"
| #define PACKAGE_TARNAME "freetype"
| #define PACKAGE_VERSION "2.3.2"
| #define PACKAGE_STRING "FreeType 2.3.2"
| #define PACKAGE_BUGREPORT "freetype@nongnu.org"
| #define STDC_HEADERS 1
| #define HAVE_SYS_TYPES_H 1
| #define HAVE_SYS_STAT_H 1
| #define HAVE_STDLIB_H 1
| #define HAVE_STRING_H 1
| #define HAVE_MEMORY_H 1
| #define HAVE_STRINGS_H 1
| #define HAVE_INTTYPES_H 1
| #define HAVE_STDINT_H 1
| #define HAVE_UNISTD_H 1
| #define HAVE_FCNTL_H 1
| #define HAVE_UNISTD_H 1
| /* end confdefs.h.  */
| #include <stdio.h>
| #ifdef HAVE_SYS_TYPES_H
| # include <sys/types.h>
| #endif
| #ifdef HAVE_SYS_STAT_H
| # include <sys/stat.h>
| #endif
| #ifdef STDC_HEADERS
| # include <stdlib.h>
| # include <stddef.h>
| #else
| # ifdef HAVE_STDLIB_H
| #  include <stdlib.h>
| # endif
| #endif
| #ifdef HAVE_STRING_H
| # if !defined STDC_HEADERS && defined HAVE_MEMORY_H
| #  include <memory.h>
| # endif
| # include <string.h>
| #endif
| #ifdef HAVE_STRINGS_H
| # include <strings.h>
| #endif
| #ifdef HAVE_INTTYPES_H
| # include <inttypes.h>
| #endif
| #ifdef HAVE_STDINT_H
| # include <stdint.h>
| #endif
| #ifdef HAVE_UNISTD_H
| # include <unistd.h>
| #endif
|    typedef int ac__type_sizeof_;
| int
| main ()
| {
| static int test_array [1 - 2 * !(((long int) (sizeof (ac__type_sizeof_))) <= 3)];
| test_array [0] = 0
| 
|   ;
|   return 0;
| }
configure:4402: arm-hisiv100nptl-linux-gcc -c -g -O2  conftest.c >&5
configure:4408: $? = 0
configure:4557: arm-hisiv100nptl-linux-gcc -c -g -O2  conftest.c >&5
configure:4563: $? = 0
configure:4557: arm-hisiv100nptl-linux-gcc -c -g -O2  conftest.c >&5
configure:4563: $? = 0
configure:4671: result: 4
configure:4681: checking for long
configure:4711: arm-hisiv100nptl-linux-gcc -c -g -O2  conftest.c >&5
configure:4717: $? = 0
configure:4732: result: yes
configure:4739: checking size of long
configure:4770: arm-hisiv100nptl-linux-gcc -c -g -O2  conftest.c >&5
configure:4776: $? = 0
configure:4807: arm-hisiv100nptl-linux-gcc -c -g -O2  conftest.c >&5
conftest.c: In function 'main':
conftest.c:58: error: size of array 'test_array' is negative
configure:4813: $? = 1
configure: failed program was:
| /* confdefs.h.  */
| #define PACKAGE_NAME "FreeType"
| #define PACKAGE_TARNAME "freetype"
| #define PACKAGE_VERSION "2.3.2"
| #define PACKAGE_STRING "FreeType 2.3.2"
| #define PACKAGE_BUGREPORT "freetype@nongnu.org"
| #define STDC_HEADERS 1
| #define HAVE_SYS_TYPES_H 1
| #define HAVE_SYS_STAT_H 1
| #define HAVE_STDLIB_H 1
| #define HAVE_STRING_H 1
| #define HAVE_MEMORY_H 1
| #define HAVE_STRINGS_H 1
| #define HAVE_INTTYPES_H 1
| #define HAVE_STDINT_H 1
| #define HAVE_UNISTD_H 1
| #define HAVE_FCNTL_H 1
| #define HAVE_UNISTD_H 1
| #define SIZEOF_INT 4
| /* end confdefs.h.  */
| #include <stdio.h>
| #ifdef HAVE_SYS_TYPES_H
| # include <sys/types.h>
| #endif
| #ifdef HAVE_SYS_STAT_H
| # include <sys/stat.h>
| #endif
| #ifdef STDC_HEADERS
| # include <stdlib.h>
| # include <stddef.h>
| #else
| # ifdef HAVE_STDLIB_H
| #  include <stdlib.h>
| # endif
| #endif
| #ifdef HAVE_STRING_H
| # if !defined STDC_HEADERS && defined HAVE_MEMORY_H
| #  include <memory.h>
| # endif
| # include <string.h>
| #endif
| #ifdef HAVE_STRINGS_H
| # include <strings.h>
| #endif
| #ifdef HAVE_INTTYPES_H
| # include <inttypes.h>
| #endif
| #ifdef HAVE_STDINT_H
| # include <stdint.h>
| #endif
| #ifdef HAVE_UNISTD_H
| # include <unistd.h>
| #endif
|    typedef long ac__type_sizeof_;
| int
| main ()
| {
| static int test_array [1 - 2 * !(((long int) (sizeof (ac__type_sizeof_))) <= 0)];
| test_array [0] = 0
| 
|   ;
|   return 0;
| }
configure:4807: arm-hisiv100nptl-linux-gcc -c -g -O2  conftest.c >&5
conftest.c: In function 'main':
conftest.c:58: error: size of array 'test_array' is negative
configure:4813: $? = 1
configure: failed program was:
| /* confdefs.h.  */
| #define PACKAGE_NAME "FreeType"
| #define PACKAGE_TARNAME "freetype"
| #define PACKAGE_VERSION "2.3.2"
| #define PACKAGE_STRING "FreeType 2.3.2"
| #define PACKAGE_BUGREPORT "freetype@nongnu.org"
| #define STDC_HEADERS 1
| #define HAVE_SYS_TYPES_H 1
| #define HAVE_SYS_STAT_H 1
| #define HAVE_STDLIB_H 1
| #define HAVE_STRING_H 1
| #define HAVE_MEMORY_H 1
| #define HAVE_STRINGS_H 1
| #define HAVE_INTTYPES_H 1
| #define HAVE_STDINT_H 1
| #define HAVE_UNISTD_H 1
| #define HAVE_FCNTL_H 1
| #define HAVE_UNISTD_H 1
| #define SIZEOF_INT 4
| /* end confdefs.h.  */
| #include <stdio.h>
| #ifdef HAVE_SYS_TYPES_H
| # include <sys/types.h>
| #endif
| #ifdef HAVE_SYS_STAT_H
| # include <sys/stat.h>
| #endif
| #ifdef STDC_HEADERS
| # include <stdlib.h>
| # include <stddef.h>
| #else
| # ifdef HAVE_STDLIB_H
| #  include <stdlib.h>
| # endif
| #endif
| #ifdef HAVE_STRING_H
| # if !defined STDC_HEADERS && defined HAVE_MEMORY_H
| #  include <memory.h>
| # endif
| # include <string.h>
| #endif
| #ifdef HAVE_STRINGS_H
| # include <strings.h>
| #endif
| #ifdef HAVE_INTTYPES_H
| # include <inttypes.h>
| #endif
| #ifdef HAVE_STDINT_H
| # include <stdint.h>
| #endif
| #ifdef HAVE_UNISTD_H
| # include <unistd.h>
| #endif
|    typedef long ac__type_sizeof_;
| int
| main ()
| {
| static int test_array [1 - 2 * !(((long int) (sizeof (ac__type_sizeof_))) <= 1)];
| test_array [0] = 0
| 
|   ;
|   return 0;
| }
configure:4807: arm-hisiv100nptl-linux-gcc -c -g -O2  conftest.c >&5
conftest.c: In function 'main':
conftest.c:58: error: size of array 'test_array' is negative
configure:4813: $? = 1
configure: failed program was:
| /* confdefs.h.  */
| #define PACKAGE_NAME "FreeType"
| #define PACKAGE_TARNAME "freetype"
| #define PACKAGE_VERSION "2.3.2"
| #define PACKAGE_STRING "FreeType 2.3.2"
| #define PACKAGE_BUGREPORT "freetype@nongnu.org"
| #define STDC_HEADERS 1
| #define HAVE_SYS_TYPES_H 1
| #define HAVE_SYS_STAT_H 1
| #define HAVE_STDLIB_H 1
| #define HAVE_STRING_H 1
| #define HAVE_MEMORY_H 1
| #define HAVE_STRINGS_H 1
| #define HAVE_INTTYPES_H 1
| #define HAVE_STDINT_H 1
| #define HAVE_UNISTD_H 1
| #define HAVE_FCNTL_H 1
| #define HAVE_UNISTD_H 1
| #define SIZEOF_INT 4
| /* end confdefs.h.  */
| #include <stdio.h>
| #ifdef HAVE_SYS_TYPES_H
| # include <sys/types.h>
| #endif
| #ifdef HAVE_SYS_STAT_H
| # include <sys/stat.h>
| #endif
| #ifdef STDC_HEADERS
| # include <stdlib.h>
| # include <stddef.h>
| #else
| # ifdef HAVE_STDLIB_H
| #  include <stdlib.h>
| # endif
| #endif
| #ifdef HAVE_STRING_H
| # if !defined STDC_HEADERS && defined HAVE_MEMORY_H
| #  include <memory.h>
| # endif
| # include <string.h>
| #endif
| #ifdef HAVE_STRINGS_H
| # include <strings.h>
| #endif
| #ifdef HAVE_INTTYPES_H
| # include <inttypes.h>
| #endif
| #ifdef HAVE_STDINT_H
| # include <stdint.h>
| #endif
| #ifdef HAVE_UNISTD_H
| # include <unistd.h>
| #endif
|    typedef long ac__type_sizeof_;
| int
| main ()
| {
| static int test_array [1 - 2 * !(((long int) (sizeof (ac__type_sizeof_))) <= 3)];
| test_array [0] = 0
| 
|   ;
|   return 0;
| }
configure:4807: arm-hisiv100nptl-linux-gcc -c -g -O2  conftest.c >&5
configure:4813: $? = 0
configure:4962: arm-hisiv100nptl-linux-gcc -c -g -O2  conftest.c >&5
configure:4968: $? = 0
configure:4962: arm-hisiv100nptl-linux-gcc -c -g -O2  conftest.c >&5
configure:4968: $? = 0
configure:5076: result: 4
configure:5098: checking for stdlib.h
configure:5104: result: yes
configure:5098: checking for unistd.h
configure:5104: result: yes
configure:5242: checking for getpagesize
configure:5298: arm-hisiv100nptl-linux-gcc -o conftest -g -O2   conftest.c  >&5
configure:5304: $? = 0
configure:5322: result: yes
configure:5332: checking for working mmap
configure:5507: result: no
configure:5660: checking for memcpy
configure:5716: arm-hisiv100nptl-linux-gcc -o conftest -g -O2   conftest.c  >&5
conftest.c:48: warning: conflicting types for built-in function 'memcpy'
configure:5722: $? = 0
configure:5740: result: yes
configure:5660: checking for memmove
configure:5716: arm-hisiv100nptl-linux-gcc -o conftest -g -O2   conftest.c  >&5
conftest.c:49: warning: conflicting types for built-in function 'memmove'
configure:5722: $? = 0
configure:5740: result: yes
configure:5762: checking for gzsetparams in -lz
configure:5797: arm-hisiv100nptl-linux-gcc -o conftest -g -O2   conftest.c -lz   >&5
/home/zhangbin/xlive/hisi-linux-nptl/arm-hisiv100-linux/bin/../lib/gcc/arm-hisiv100-linux-uclibcgnueabi/4.4.1/../../../../arm-hisiv100-linux-uclibcgnueabi/bin/ld: cannot find -lz
collect2: ld returned 1 exit status
configure:5803: $? = 1
configure: failed program was:
| /* confdefs.h.  */
| #define PACKAGE_NAME "FreeType"
| #define PACKAGE_TARNAME "freetype"
| #define PACKAGE_VERSION "2.3.2"
| #define PACKAGE_STRING "FreeType 2.3.2"
| #define PACKAGE_BUGREPORT "freetype@nongnu.org"
| #define STDC_HEADERS 1
| #define HAVE_SYS_TYPES_H 1
| #define HAVE_SYS_STAT_H 1
| #define HAVE_STDLIB_H 1
| #define HAVE_STRING_H 1
| #define HAVE_MEMORY_H 1
| #define HAVE_STRINGS_H 1
| #define HAVE_INTTYPES_H 1
| #define HAVE_STDINT_H 1
| #define HAVE_UNISTD_H 1
| #define HAVE_FCNTL_H 1
| #define HAVE_UNISTD_H 1
| #define SIZEOF_INT 4
| #define SIZEOF_LONG 4
| #define HAVE_STDLIB_H 1
| #define HAVE_UNISTD_H 1
| #define HAVE_GETPAGESIZE 1
| #define HAVE_MEMCPY 1
| #define HAVE_MEMMOVE 1
| /* end confdefs.h.  */
| 
| /* Override any GCC internal prototype to avoid an error.
|    Use char because int might match the return type of a GCC
|    builtin and then its argument prototype would still apply.  */
| #ifdef __cplusplus
| extern "C"
| #endif
| char gzsetparams ();
| int
| main ()
| {
| return gzsetparams ();
|   ;
|   return 0;
| }
configure:5821: result: no
configure:6684: checking for a sed that does not truncate output
configure:6738: result: /usr/bin/sed
configure:6752: checking for ld used by arm-hisiv100nptl-linux-gcc
configure:6819: result: /home/zhangbin/xlive/hisi-linux-nptl/arm-hisiv100-linux/arm-hisiv100-linux-uclibcgnueabi/bin/ld
configure:6828: checking if the linker (/home/zhangbin/xlive/hisi-linux-nptl/arm-hisiv100-linux/arm-hisiv100-linux-uclibcgnueabi/bin/ld) is GNU ld
configure:6843: result: yes
configure:6848: checking for /home/zhangbin/xlive/hisi-linux-nptl/arm-hisiv100-linux/arm-hisiv100-linux-uclibcgnueabi/bin/ld option to reload object files
configure:6855: result: -r
configure:6873: checking for BSD-compatible nm
configure:6915: result: nm
configure:6919: checking whether ln -s works
configure:6923: result: yes
configure:6930: checking how to recognise dependent libraries
configure:7102: result: pass_all
configure:7322: checking dlfcn.h usability
configure:7339: arm-hisiv100nptl-linux-gcc -c -g -O2  conftest.c >&5
configure:7345: $? = 0
configure:7359: result: yes
configure:7363: checking dlfcn.h presence
configure:7378: arm-hisiv100nptl-linux-gcc -E  conftest.c
configure:7384: $? = 0
configure:7398: result: yes
configure:7431: checking for dlfcn.h
configure:7439: result: yes
configure:7466: checking for arm-linux-g++
configure:7496: result: no
configure:7466: checking for arm-linux-c++
configure:7496: result: no
configure:7466: checking for arm-linux-gpp
configure:7496: result: no
configure:7466: checking for arm-linux-aCC
configure:7496: result: no
configure:7466: checking for arm-linux-CC
configure:7496: result: no
configure:7466: checking for arm-linux-cxx
configure:7496: result: no
configure:7466: checking for arm-linux-cc++
configure:7496: result: no
configure:7466: checking for arm-linux-cl.exe
configure:7496: result: no
configure:7466: checking for arm-linux-FCC
configure:7496: result: no
configure:7466: checking for arm-linux-KCC
configure:7496: result: no
configure:7466: checking for arm-linux-RCC
configure:7496: result: no
configure:7466: checking for arm-linux-xlC_r
configure:7496: result: no
configure:7466: checking for arm-linux-xlC
configure:7496: result: no
configure:7510: checking for g++
configure:7526: found /usr/bin/g++
configure:7537: result: g++
configure:7555: WARNING: In the future, Autoconf will not detect cross-tools
whose name does not start with the host triplet.  If you think this
configuration is useful to you, please write to autoconf@gnu.org.
configure:7568: checking for C++ compiler version
configure:7575: g++ --version >&5
g++ (GCC) 4.8.3 20140911 (Red Hat 4.8.3-9)
Copyright (C) 2013 Free Software Foundation, Inc.
This is free software; see the source for copying conditions.  There is NO
warranty; not even for MERCHANTABILITY or FITNESS FOR A PARTICULAR PURPOSE.

configure:7578: $? = 0
configure:7585: g++ -v >&5
Using built-in specs.
COLLECT_GCC=g++
COLLECT_LTO_WRAPPER=/usr/libexec/gcc/x86_64-redhat-linux/4.8.3/lto-wrapper
Target: x86_64-redhat-linux
Configured with: ../configure --prefix=/usr --mandir=/usr/share/man --infodir=/usr/share/info --with-bugurl=http://bugzilla.redhat.com/bugzilla --enable-bootstrap --enable-shared --enable-threads=posix --enable-checking=release --with-system-zlib --enable-__cxa_atexit --disable-libunwind-exceptions --enable-gnu-unique-object --enable-linker-build-id --with-linker-hash-style=gnu --enable-languages=c,c++,objc,obj-c++,java,fortran,ada,go,lto --enable-plugin --enable-initfini-array --disable-libgcj --with-isl=/builddir/build/BUILD/gcc-4.8.3-20140911/obj-x86_64-redhat-linux/isl-install --with-cloog=/builddir/build/BUILD/gcc-4.8.3-20140911/obj-x86_64-redhat-linux/cloog-install --enable-gnu-indirect-function --with-tune=generic --with-arch_32=x86-64 --build=x86_64-redhat-linux
Thread model: posix
gcc version 4.8.3 20140911 (Red Hat 4.8.3-9) (GCC) 
configure:7588: $? = 0
configure:7595: g++ -V >&5
g++: error: unrecognized command line option '-V'
g++: fatal error: no input files
compilation terminated.
configure:7598: $? = 4
configure:7601: checking whether we are using the GNU C++ compiler
configure:7630: g++ -c   conftest.cpp >&5
configure:7636: $? = 0
configure:7653: result: yes
configure:7658: checking whether g++ accepts -g
configure:7688: g++ -c -g  conftest.cpp >&5
configure:7694: $? = 0
configure:7793: result: yes
configure:7826: checking how to run the C++ preprocessor
configure:7862: g++ -E  conftest.cpp
configure:7868: $? = 0
configure:7899: g++ -E  conftest.cpp
conftest.cpp:28:28: fatal error: ac_nonexistent.h: No such file or directory
 #include <ac_nonexistent.h>
                            ^
compilation terminated.
configure:7905: $? = 1
configure: failed program was:
| /* confdefs.h.  */
| #define PACKAGE_NAME "FreeType"
| #define PACKAGE_TARNAME "freetype"
| #define PACKAGE_VERSION "2.3.2"
| #define PACKAGE_STRING "FreeType 2.3.2"
| #define PACKAGE_BUGREPORT "freetype@nongnu.org"
| #define STDC_HEADERS 1
| #define HAVE_SYS_TYPES_H 1
| #define HAVE_SYS_STAT_H 1
| #define HAVE_STDLIB_H 1
| #define HAVE_STRING_H 1
| #define HAVE_MEMORY_H 1
| #define HAVE_STRINGS_H 1
| #define HAVE_INTTYPES_H 1
| #define HAVE_STDINT_H 1
| #define HAVE_UNISTD_H 1
| #define HAVE_FCNTL_H 1
| #define HAVE_UNISTD_H 1
| #define SIZEOF_INT 4
| #define SIZEOF_LONG 4
| #define HAVE_STDLIB_H 1
| #define HAVE_UNISTD_H 1
| #define HAVE_GETPAGESIZE 1
| #define HAVE_MEMCPY 1
| #define HAVE_MEMMOVE 1
| #define HAVE_DLFCN_H 1
| /* end confdefs.h.  */
| #include <ac_nonexistent.h>
configure:7938: result: g++ -E
configure:7967: g++ -E  conftest.cpp
configure:7973: $? = 0
configure:8004: g++ -E  conftest.cpp
conftest.cpp:28:28: fatal error: ac_nonexistent.h: No such file or directory
 #include <ac_nonexistent.h>
                            ^
compilation terminated.
configure:8010: $? = 1
configure: failed program was:
| /* confdefs.h.  */
| #define PACKAGE_NAME "FreeType"
| #define PACKAGE_TARNAME "freetype"
| #define PACKAGE_VERSION "2.3.2"
| #define PACKAGE_STRING "FreeType 2.3.2"
| #define PACKAGE_BUGREPORT "freetype@nongnu.org"
| #define STDC_HEADERS 1
| #define HAVE_SYS_TYPES_H 1
| #define HAVE_SYS_STAT_H 1
| #define HAVE_STDLIB_H 1
| #define HAVE_STRING_H 1
| #define HAVE_MEMORY_H 1
| #define HAVE_STRINGS_H 1
| #define HAVE_INTTYPES_H 1
| #define HAVE_STDINT_H 1
| #define HAVE_UNISTD_H 1
| #define HAVE_FCNTL_H 1
| #define HAVE_UNISTD_H 1
| #define SIZEOF_INT 4
| #define SIZEOF_LONG 4
| #define HAVE_STDLIB_H 1
| #define HAVE_UNISTD_H 1
| #define HAVE_GETPAGESIZE 1
| #define HAVE_MEMCPY 1
| #define HAVE_MEMMOVE 1
| #define HAVE_DLFCN_H 1
| /* end confdefs.h.  */
| #include <ac_nonexistent.h>
configure:8059: checking for arm-linux-g77
configure:8089: result: no
configure:8059: checking for arm-linux-xlf
configure:8089: result: no
configure:8059: checking for arm-linux-f77
configure:8089: result: no
configure:8059: checking for arm-linux-frt
configure:8089: result: no
configure:8059: checking for arm-linux-pgf77
configure:8089: result: no
configure:8059: checking for arm-linux-cf77
configure:8089: result: no
configure:8059: checking for arm-linux-fort77
configure:8089: result: no
configure:8059: checking for arm-linux-fl32
configure:8089: result: no
configure:8059: checking for arm-linux-af77
configure:8089: result: no
configure:8059: checking for arm-linux-xlf90
configure:8089: result: no
configure:8059: checking for arm-linux-f90
configure:8089: result: no
configure:8059: checking for arm-linux-pgf90
configure:8089: result: no
configure:8059: checking for arm-linux-pghpf
configure:8089: result: no
configure:8059: checking for arm-linux-epcf90
configure:8089: result: no
configure:8059: checking for arm-linux-gfortran
configure:8089: result: no
configure:8059: checking for arm-linux-g95
configure:8089: result: no
configure:8059: checking for arm-linux-xlf95
configure:8089: result: no
configure:8059: checking for arm-linux-f95
configure:8089: result: no
configure:8059: checking for arm-linux-fort
configure:8089: result: no
configure:8059: checking for arm-linux-ifort
configure:8089: result: no
configure:8059: checking for arm-linux-ifc
configure:8089: result: no
configure:8059: checking for arm-linux-efc
configure:8089: result: no
configure:8059: checking for arm-linux-pgf95
configure:8089: result: no
configure:8059: checking for arm-linux-lf95
configure:8089: result: no
configure:8059: checking for arm-linux-ftn
configure:8089: result: no
configure:8103: checking for g77
configure:8133: result: no
configure:8103: checking for xlf
configure:8133: result: no
configure:8103: checking for f77
configure:8133: result: no
configure:8103: checking for frt
configure:8133: result: no
configure:8103: checking for pgf77
configure:8133: result: no
configure:8103: checking for cf77
configure:8133: result: no
configure:8103: checking for fort77
configure:8133: result: no
configure:8103: checking for fl32
configure:8133: result: no
configure:8103: checking for af77
configure:8133: result: no
configure:8103: checking for xlf90
configure:8133: result: no
configure:8103: checking for f90
configure:8133: result: no
configure:8103: checking for pgf90
configure:8133: result: no
configure:8103: checking for pghpf
configure:8133: result: no
configure:8103: checking for epcf90
configure:8133: result: no
configure:8103: checking for gfortran
configure:8133: result: no
configure:8103: checking for g95
configure:8133: result: no
configure:8103: checking for xlf95
configure:8133: result: no
configure:8103: checking for f95
configure:8133: result: no
configure:8103: checking for fort
configure:8133: result: no
configure:8103: checking for ifort
configure:8133: result: no
configure:8103: checking for ifc
configure:8133: result: no
configure:8103: checking for efc
configure:8133: result: no
configure:8103: checking for pgf95
configure:8133: result: no
configure:8103: checking for lf95
configure:8133: result: no
configure:8103: checking for ftn
configure:8133: result: no
configure:8160: checking for Fortran 77 compiler version
configure:8167:  --version >&5
./configure: line 8168: --version: command not found
configure:8170: $? = 127
configure:8177:  -v >&5
./configure: line 8178: -v: command not found
configure:8180: $? = 127
configure:8187:  -V >&5
./configure: line 8188: -V: command not found
configure:8190: $? = 127
configure:8198: checking whether we are using the GNU Fortran 77 compiler
configure:8217:  -c  conftest.F >&5
./configure: line 8218: -c: command not found
configure:8223: $? = 127
configure: failed program was:
|       program main
| #ifndef __GNUC__
|        choke me
| #endif
| 
|       end
configure:8240: result: no
configure:8246: checking whether  accepts -g
configure:8263:  -c -g conftest.f >&5
./configure: line 8264: -c: command not found
configure:8269: $? = 127
configure: failed program was:
|       program main
| 
|       end
configure:8285: result: no
configure:8315: checking the maximum length of command line arguments
configure:8407: result: 32768
configure:8418: checking command to parse nm output from arm-hisiv100nptl-linux-gcc object
configure:8514: arm-hisiv100nptl-linux-gcc -c -g -O2  conftest.c >&5
configure:8517: $? = 0
configure:8521: nm conftest.o \| sed -n -e 's/^.*[ 	]\([ABCDGIRSTW][ABCDGIRSTW]*\)[ 	][ 	]*\([_A-Za-z][_A-Za-z0-9]*\)$/\1 \2 \2/p' \> conftest.nm
configure:8524: $? = 0
configure:8576: arm-hisiv100nptl-linux-gcc -o conftest -g -O2   conftest.c conftstm.o >&5
configure:8579: $? = 0
configure:8617: result: ok
configure:8621: checking for objdir
configure:8636: result: .libs
configure:8688: checking for arm-linux-ar
configure:8718: result: no
configure:8728: checking for ar
configure:8744: found /usr/bin/ar
configure:8755: result: ar
configure:8784: checking for arm-linux-ranlib
configure:8814: result: no
configure:8824: checking for ranlib
configure:8840: found /usr/bin/ranlib
configure:8851: result: ranlib
configure:8880: checking for arm-linux-strip
configure:8910: result: no
configure:8920: checking for strip
configure:8936: found /usr/bin/strip
configure:8947: result: strip
configure:9248: checking if arm-hisiv100nptl-linux-gcc static flag  works
configure:9276: result: yes
configure:9294: checking if arm-hisiv100nptl-linux-gcc supports -fno-rtti -fno-exceptions
configure:9312: arm-hisiv100nptl-linux-gcc -c -g -O2  -fno-rtti -fno-exceptions conftest.c >&5
cc1: warning: command line option "-fno-rtti" is valid for C++/ObjC++ but not for C
configure:9316: $? = 0
configure:9329: result: no
configure:9344: checking for arm-hisiv100nptl-linux-gcc option to produce PIC
configure:9548: result: -fPIC
configure:9556: checking if arm-hisiv100nptl-linux-gcc PIC flag -fPIC works
configure:9574: arm-hisiv100nptl-linux-gcc -c -g -O2  -fPIC -DPIC conftest.c >&5
configure:9578: $? = 0
configure:9591: result: yes
configure:9615: checking if arm-hisiv100nptl-linux-gcc supports -c -o file.o
configure:9636: arm-hisiv100nptl-linux-gcc -c -g -O2  -o out/conftest2.o conftest.c >&5
configure:9640: $? = 0
configure:9662: result: yes
configure:9688: checking whether the arm-hisiv100nptl-linux-gcc linker (/home/zhangbin/xlive/hisi-linux-nptl/arm-hisiv100-linux/arm-hisiv100-linux-uclibcgnueabi/bin/ld) supports shared libraries
configure:10580: result: yes
configure:10651: checking dynamic linker characteristics
configure:11197: result: GNU/Linux ld.so
configure:11201: checking how to hardcode library paths into programs
configure:11226: result: immediate
configure:11240: checking whether stripping libraries is possible
configure:11245: result: yes
configure:12042: checking if libtool supports shared libraries
configure:12044: result: yes
configure:12047: checking whether to build shared libraries
configure:12068: result: no
configure:12071: checking whether to build static libraries
configure:12075: result: yes
configure:12167: creating libtool
configure:12745: checking for ld used by g++
configure:12812: result: /home/zhangbin/xlive/hisi-linux-nptl/arm-hisiv100-linux/arm-hisiv100-linux-uclibcgnueabi/bin/ld
configure:12821: checking if the linker (/home/zhangbin/xlive/hisi-linux-nptl/arm-hisiv100-linux/arm-hisiv100-linux-uclibcgnueabi/bin/ld) is GNU ld
configure:12836: result: yes
configure:12887: checking whether the g++ linker (/home/zhangbin/xlive/hisi-linux-nptl/arm-hisiv100-linux/arm-hisiv100-linux-uclibcgnueabi/bin/ld) supports shared libraries
configure:13770: result: yes
configure:13788: g++ -c -g -O2  conftest.cc >&5
configure:13791: $? = 0
configure:13887: checking for g++ option to produce PIC
configure:14155: result: -fPIC
configure:14163: checking if g++ PIC flag -fPIC works
configure:14181: g++ -c -g -O2  -fPIC -DPIC conftest.cc >&5
configure:14185: $? = 0
configure:14198: result: yes
configure:14222: checking if g++ supports -c -o file.o
configure:14243: g++ -c -g -O2  -o out/conftest2.o conftest.cc >&5
configure:14247: $? = 0
configure:14269: result: yes
configure:14295: checking whether the g++ linker (/home/zhangbin/xlive/hisi-linux-nptl/arm-hisiv100-linux/arm-hisiv100-linux-uclibcgnueabi/bin/ld) supports shared libraries
configure:14320: result: yes
configure:14391: checking dynamic linker characteristics
configure:14937: result: GNU/Linux ld.so
configure:14941: checking how to hardcode library paths into programs
configure:14966: result: immediate
configure:14980: checking whether stripping libraries is possible
configure:14985: result: yes
configure:22539: creating ./config.status

## ---------------------- ##
## Running config.status. ##
## ---------------------- ##

This file was extended by FreeType config.status 2.3.2, which was
generated by GNU Autoconf 2.61.  Invocation command line was

  CONFIG_FILES    = 
  CONFIG_HEADERS  = 
  CONFIG_LINKS    = 
  CONFIG_COMMANDS = 
  $ ./config.status 

on c7.c7

config.status:638: creating unix-cc.mk
config.status:638: creating unix-def.mk
config.status:638: creating freetype-config
config.status:638: creating freetype2.pc
config.status:638: creating ftconfig.h

## ---------------- ##
## Cache variables. ##
## ---------------- ##

ac_cv_build=x86_64-unknown-linux-gnu
ac_cv_c_compiler_gnu=yes
ac_cv_c_const=yes
ac_cv_cxx_compiler_gnu=yes
ac_cv_env_CCC_set=
ac_cv_env_CCC_value=
ac_cv_env_CC_set=set
ac_cv_env_CC_value=arm-hisiv100nptl-linux-gcc
ac_cv_env_CFLAGS_set=
ac_cv_env_CFLAGS_value=
ac_cv_env_CPPFLAGS_set=
ac_cv_env_CPPFLAGS_value=
ac_cv_env_CPP_set=
ac_cv_env_CPP_value=
ac_cv_env_CXXCPP_set=
ac_cv_env_CXXCPP_value=
ac_cv_env_CXXFLAGS_set=
ac_cv_env_CXXFLAGS_value=
ac_cv_env_CXX_set=
ac_cv_env_CXX_value=
ac_cv_env_F77_set=
ac_cv_env_F77_value=
ac_cv_env_FFLAGS_set=
ac_cv_env_FFLAGS_value=
ac_cv_env_LDFLAGS_set=
ac_cv_env_LDFLAGS_value=
ac_cv_env_LIBS_set=
ac_cv_env_LIBS_value=
ac_cv_env_build_alias_set=
ac_cv_env_build_alias_value=
ac_cv_env_host_alias_set=set
ac_cv_env_host_alias_value=arm-linux
ac_cv_env_target_alias_set=
ac_cv_env_target_alias_value=
ac_cv_f77_compiler_gnu=no
ac_cv_func_getpagesize=yes
ac_cv_func_memcpy=yes
ac_cv_func_memmove=yes
ac_cv_func_mmap_fixed_mapped=no
ac_cv_header_dlfcn_h=yes
ac_cv_header_fcntl_h=yes
ac_cv_header_inttypes_h=yes
ac_cv_header_memory_h=yes
ac_cv_header_stdc=yes
ac_cv_header_stdint_h=yes
ac_cv_header_stdlib_h=yes
ac_cv_header_string_h=yes
ac_cv_header_strings_h=yes
ac_cv_header_sys_stat_h=yes
ac_cv_header_sys_types_h=yes
ac_cv_header_unistd_h=yes
ac_cv_host=arm-unknown-linux-gnu
ac_cv_lib_z_gzsetparams=no
ac_cv_objext=o
ac_cv_path_EGREP='/usr/bin/grep -E'
ac_cv_path_GREP=/usr/bin/grep
ac_cv_path_install='/usr/bin/install -c'
ac_cv_prog_CC=arm-hisiv100nptl-linux-gcc
ac_cv_prog_CC_BUILD=gcc
ac_cv_prog_CPP='arm-hisiv100nptl-linux-gcc -E'
ac_cv_prog_CXXCPP='g++ -E'
ac_cv_prog_RMDIR=rmdir
ac_cv_prog_RMF='rm -f'
ac_cv_prog_ac_ct_AR=ar
ac_cv_prog_ac_ct_CXX=g++
ac_cv_prog_ac_ct_RANLIB=ranlib
ac_cv_prog_ac_ct_STRIP=strip
ac_cv_prog_cc_c89=
ac_cv_prog_cc_g=yes
ac_cv_prog_cxx_g=yes
ac_cv_prog_f77_g=no
ac_cv_sizeof_int=4
ac_cv_sizeof_long=4
ac_cv_target=arm-unknown-linux-gnu
ac_cv_type_int=yes
ac_cv_type_long=yes
lt_cv_deplibs_check_method=pass_all
lt_cv_file_magic_cmd='$MAGIC_CMD'
lt_cv_file_magic_test_file=
lt_cv_ld_reload_flag=-r
lt_cv_objdir=.libs
lt_cv_path_LD=/home/zhangbin/xlive/hisi-linux-nptl/arm-hisiv100-linux/arm-hisiv100-linux-uclibcgnueabi/bin/ld
lt_cv_path_LDCXX=/home/zhangbin/xlive/hisi-linux-nptl/arm-hisiv100-linux/arm-hisiv100-linux-uclibcgnueabi/bin/ld
lt_cv_path_NM=nm
lt_cv_path_SED=/usr/bin/sed
lt_cv_prog_compiler_c_o=yes
lt_cv_prog_compiler_c_o_CXX=yes
lt_cv_prog_compiler_rtti_exceptions=no
lt_cv_prog_gnu_ld=yes
lt_cv_prog_gnu_ldcxx=yes
lt_cv_sys_global_symbol_pipe='sed -n -e '\''s/^.*[ 	]\([ABCDGIRSTW][ABCDGIRSTW]*\)[ 	][ 	]*\([_A-Za-z][_A-Za-z0-9]*\)$/\1 \2 \2/p'\'''
lt_cv_sys_global_symbol_to_c_name_address='sed -n -e '\''s/^: \([^ ]*\) $/  {\"\1\", (lt_ptr) 0},/p'\'' -e '\''s/^[BCDEGRST] \([^ ]*\) \([^ ]*\)$/  {"\2", (lt_ptr) \&\2},/p'\'''
lt_cv_sys_global_symbol_to_cdecl='sed -n -e '\''s/^. .* \(.*\)$/extern int \1;/p'\'''
lt_cv_sys_max_cmd_len=32768
lt_lt_cv_prog_compiler_c_o='"yes"'
lt_lt_cv_prog_compiler_c_o_CXX='"yes"'
lt_lt_cv_sys_global_symbol_pipe='"sed -n -e '\''s/^.*[ 	]\\([ABCDGIRSTW][ABCDGIRSTW]*\\)[ 	][ 	]*\\([_A-Za-z][_A-Za-z0-9]*\\)\$/\\1 \\2 \\2/p'\''"'
lt_lt_cv_sys_global_symbol_to_c_name_address='"sed -n -e '\''s/^: \\([^ ]*\\) \$/  {\\\"\\1\\\", (lt_ptr) 0},/p'\'' -e '\''s/^[BCDEGRST] \\([^ ]*\\) \\([^ ]*\\)\$/  {\"\\2\", (lt_ptr) \\&\\2},/p'\''"'
lt_lt_cv_sys_global_symbol_to_cdecl='"sed -n -e '\''s/^. .* \\(.*\\)\$/extern int \\1;/p'\''"'

## ----------------- ##
## Output variables. ##
## ----------------- ##

AR='ar'
CC='arm-hisiv100nptl-linux-gcc'
CC_BUILD='gcc'
CFLAGS='-g -O2'
CPP='arm-hisiv100nptl-linux-gcc -E'
CPPFLAGS=''
CXX='g++'
CXXCPP='g++ -E'
CXXFLAGS='-g -O2'
DEFS='-DHAVE_CONFIG_H'
ECHO='echo'
ECHO_C=''
ECHO_N='-n'
ECHO_T=''
EGREP='/usr/bin/grep -E'
EXEEXT=''
EXEEXT_BUILD=''
F77=''
FFLAGS=''
FT2_EXTRA_LIBS=''
FTSYS_SRC='$(BASE_DIR)/ftsystem.c'
GREP='/usr/bin/grep'
INSTALL_DATA='${INSTALL} -m 644'
INSTALL_PROGRAM='${INSTALL}'
INSTALL_SCRIPT='${INSTALL}'
LDFLAGS=''
LIBOBJS=''
LIBS=''
LIBTOOL='$(SHELL) $(top_builddir)/libtool'
LIBZ=''
LN_S='ln -s'
LTLIBOBJS=''
OBJEXT='o'
PACKAGE_BUGREPORT='freetype@nongnu.org'
PACKAGE_NAME='FreeType'
PACKAGE_STRING='FreeType 2.3.2'
PACKAGE_TARNAME='freetype'
PACKAGE_VERSION='2.3.2'
PATH_SEPARATOR=':'
RANLIB='ranlib'
RMDIR='rmdir'
RMF='rm -f'
SHELL='/bin/sh'
STRIP='strip'
SYSTEM_ZLIB=''
XX_ANSIFLAGS=''
XX_CFLAGS=''
ac_ct_CC=''
ac_ct_CXX='g++'
ac_ct_F77=''
bindir='${exec_prefix}/bin'
build='x86_64-unknown-linux-gnu'
build_alias=''
build_cpu='x86_64'
build_os='linux-gnu'
build_vendor='unknown'
datadir='${datarootdir}'
datarootdir='${prefix}/share'
docdir='${datarootdir}/doc/${PACKAGE_TARNAME}'
dvidir='${docdir}'
enable_shared='no'
exec_prefix='${prefix}'
ft_version='9.13.3'
hardcode_libdir_flag_spec='${wl}--rpath ${wl}$libdir'
host='arm-unknown-linux-gnu'
host_alias='arm-linux'
host_cpu='arm'
host_os='linux-gnu'
host_vendor='unknown'
htmldir='${docdir}'
includedir='${prefix}/include'
infodir='${datarootdir}/info'
libdir='${exec_prefix}/lib'
libexecdir='${exec_prefix}/libexec'
localedir='${datarootdir}/locale'
localstatedir='${prefix}/var'
mandir='${datarootdir}/man'
oldincludedir='/usr/include'
pdfdir='${docdir}'
prefix='/home/zhangbin/xlive/encRecord/out'
program_transform_name='s,x,x,'
psdir='${docdir}'
sbindir='${exec_prefix}/sbin'
sharedstatedir='${prefix}/com'
sysconfdir='${prefix}/etc'
target='arm-unknown-linux-gnu'
target_alias=''
target_cpu='arm'
target_os='linux-gnu'
target_vendor='unknown'
version_info='9:13:3'
wl=''

## ----------- ##
## confdefs.h. ##
## ----------- ##

#define PACKAGE_NAME "FreeType"
#define PACKAGE_TARNAME "freetype"
#define PACKAGE_VERSION "2.3.2"
#define PACKAGE_STRING "FreeType 2.3.2"
#define PACKAGE_BUGREPORT "freetype@nongnu.org"
#define STDC_HEADERS 1
#define HAVE_SYS_TYPES_H 1
#define HAVE_SYS_STAT_H 1
#define HAVE_STDLIB_H 1
#define HAVE_STRING_H 1
#define HAVE_MEMORY_H 1
#define HAVE_STRINGS_H 1
#define HAVE_INTTYPES_H 1
#define HAVE_STDINT_H 1
#define HAVE_UNISTD_H 1
#define HAVE_FCNTL_H 1
#define HAVE_UNISTD_H 1
#define SIZEOF_INT 4
#define SIZEOF_LONG 4
#define HAVE_STDLIB_H 1
#define HAVE_UNISTD_H 1
#define HAVE_GETPAGESIZE 1
#define HAVE_MEMCPY 1
#define HAVE_MEMMOVE 1
#define HAVE_DLFCN_H 1

configure: exit 0
